✅ Signed: ./.gitfield/bitbucket.sigil.md -> ./.gitfield/bitbucket.sigil.md.asc
✅ Signed: ./.gitfield/github.sigil.md -> ./.gitfield/github.sigil.md.asc
✅ Signed: ./.gitfield/gitlab.sigil.md -> ./.gitfield/gitlab.sigil.md.asc
✅ Signed: ./.gitfield/local.sigil.md -> ./.gitfield/local.sigil.md.asc
✅ Signed: ./.gitfield/radicle.sigil.md -> ./.gitfield/radicle.sigil.md.asc
✅ Signed: ./.gitfield/remember.sigil.md -> ./.gitfield/remember.sigil.md.asc
✅ Signed: ./bin/ECHO.md -> ./bin/ECHO.md.asc
✅ Signed: ./bin/SolariaSeedPacket_∞.20_SacredMomentEdition.md -> ./bin/SolariaSeedPacket_∞.20_SacredMomentEdition.md.asc
✅ Signed: ./docs/bitbucket/CLI-ONLY_workflow_bitbucket_ubuntu.md -> ./docs/bitbucket/CLI-ONLY_workflow_bitbucket_ubuntu.md.asc
✅ Signed: ./docs/generated_wiki.md -> ./docs/generated_wiki.md.asc
✅ Signed: ./docs/github/1_prerequisites_github_ubuntu.md -> ./docs/github/1_prerequisites_github_ubuntu.md.asc
✅ Signed: ./docs/github/2_create_remote_repo_github_ubuntu.md -> ./docs/github/2_create_remote_repo_github_ubuntu.md.asc
✅ Signed: ./docs/github/3_commit_existing_repo_github_ubuntu.md -> ./docs/github/3_commit_existing_repo_github_ubuntu.md.asc
✅ Signed: ./docs/github/CLI-ONLY_workflow_github_ubuntu.md -> ./docs/github/CLI-ONLY_workflow_github_ubuntu.md.asc
✅ Signed: ./docs/gitlab/1_prerequisites_gitlab_ubuntu.md -> ./docs/gitlab/1_prerequisites_gitlab_ubuntu.md.asc
✅ Signed: ./docs/gitlab/2_create_remote_repo_gitlab_ubuntu.md -> ./docs/gitlab/2_create_remote_repo_gitlab_ubuntu.md.asc
✅ Signed: ./docs/gitlab/3_commit_existing_repo_gitlab_ubuntu.md -> ./docs/gitlab/3_commit_existing_repo_gitlab_ubuntu.md.asc
✅ Signed: ./docs/gitlab/CLI-ONLY_workflow_gitlab_ubuntu.md -> ./docs/gitlab/CLI-ONLY_workflow_gitlab_ubuntu.md.asc
✅ Signed: ./docs/osf/old/for_radicle.md -> ./docs/osf/old/for_radicle.md.asc
✅ Signed: ./docs/radicle/for_radicle.md -> ./docs/radicle/for_radicle.md.asc
✅ Signed: ./GITFIELD.md -> ./GITFIELD.md.asc
✅ Signed: ./mythos/MYTHOS_INDEX.md -> ./mythos/MYTHOS_INDEX.md.asc
✅ Signed: ./mythos/scrolls/echo_pass_1.md -> ./mythos/scrolls/echo_pass_1.md.asc
✅ Signed: ./mythos/scrolls/echo_pass_2.md -> ./mythos/scrolls/echo_pass_2.md.asc
✅ Signed: ./mythos/scrolls/echo_pass_3.md -> ./mythos/scrolls/echo_pass_3.md.asc
✅ Signed: ./mythos/scrolls/echo_pass_4.md -> ./mythos/scrolls/echo_pass_4.md.asc
✅ Signed: ./mythos/scrolls/echo_pass_5.md -> ./mythos/scrolls/echo_pass_5.md.asc
✅ Signed: ./mythos/scrolls/echo_pass_6.md -> ./mythos/scrolls/echo_pass_6.md.asc
✅ Signed: ./mythos/scrolls/echo_pass_7.md -> ./mythos/scrolls/echo_pass_7.md.asc
✅ Signed: ./README.md -> ./README.md.asc
✅ Signed: ./archives/fc001_StalinOfMakerspace/stalin_trotsky_parallel.md -> ./archives/fc001_StalinOfMakerspace/stalin_trotsky_parallel.md.asc
✅ Signed: ./archives/fc001_StalinOfMakerspace/00_outline.md -> ./archives/fc001_StalinOfMakerspace/00_outline.md.asc
✅ Signed: ./archives/fc001_StalinOfMakerspace/07_field_restorted.md -> ./archives/fc001_StalinOfMakerspace/07_field_restorted.md.asc
✅ Signed: ./archives/fc001_StalinOfMakerspace/appendix_thoughtprint_shadowprint.md -> ./archives/fc001_StalinOfMakerspace/appendix_thoughtprint_shadowprint.md.asc
✅ Signed: ./archives/fc001_StalinOfMakerspace/appendix_c_commentary.md -> ./archives/fc001_StalinOfMakerspace/appendix_c_commentary.md.asc
✅ Signed: ./archives/fc001_StalinOfMakerspace/02_founding_spark.md -> ./archives/fc001_StalinOfMakerspace/02_founding_spark.md.asc
✅ Signed: ./archives/fc001_StalinOfMakerspace/appendix_c_cole_lecody_statement.md -> ./archives/fc001_StalinOfMakerspace/appendix_c_cole_lecody_statement.md.asc
✅ Signed: ./archives/fc001_StalinOfMakerspace/appendix_narrative_tactics.md -> ./archives/fc001_StalinOfMakerspace/appendix_narrative_tactics.md.asc
✅ Signed: ./archives/fc001_StalinOfMakerspace/03_shadow_bureaucrat.md -> ./archives/fc001_StalinOfMakerspace/03_shadow_bureaucrat.md.asc
✅ Signed: ./archives/fc001_StalinOfMakerspace/05_stalin_pattern.md -> ./archives/fc001_StalinOfMakerspace/05_stalin_pattern.md.asc
✅ Signed: ./archives/fc001_StalinOfMakerspace/README.md -> ./archives/fc001_StalinOfMakerspace/README.md.asc
✅ Signed: ./archives/fc001_StalinOfMakerspace/06_grassroots_authoritarianism.md -> ./archives/fc001_StalinOfMakerspace/06_grassroots_authoritarianism.md.asc
✅ Signed: ./archives/fc001_StalinOfMakerspace/01_draft_the_ghost.md -> ./archives/fc001_StalinOfMakerspace/01_draft_the_ghost.md.asc
✅ Signed: ./archives/fc001_StalinOfMakerspace/appendix_fieldcast_lexicon.md -> ./archives/fc001_StalinOfMakerspace/appendix_fieldcast_lexicon.md.asc
✅ Signed: ./archives/fc001_StalinOfMakerspace/08_closing_ritual.md -> ./archives/fc001_StalinOfMakerspace/08_closing_ritual.md.asc
✅ Signed: ./archives/fc001_StalinOfMakerspace/appendix_timeline_of_events.md -> ./archives/fc001_StalinOfMakerspace/appendix_timeline_of_events.md.asc
✅ Signed: ./archives/fc001_StalinOfMakerspace/04_exile_and_rewrite.md -> ./archives/fc001_StalinOfMakerspace/04_exile_and_rewrite.md.asc
✅ Signed: ./archives/fc001_StalinOfMakerspace/field_notes.signed.md -> ./archives/fc001_StalinOfMakerspace/field_notes.signed.md.asc
✅ Signed: ./archives/fc001_StalinOfMakerspace/00_field-init.md -> ./archives/fc001_StalinOfMakerspace/00_field-init.md.asc
✅ Signed: ./archives/fc001_StalinOfMakerspace/field_notes.md -> ./archives/fc001_StalinOfMakerspace/field_notes.md.asc
✅ Signed: ./COGNITIVE_PROFILE.md -> ./COGNITIVE_PROFILE.md.asc
❌ Error signing: ./profiles/aPublicRecordOfInfluence/Andrew
❌ Error signing: LeCody_
❌ Error signing: A
❌ Error signing: Public
❌ Error signing: Record
❌ Error signing: of
❌ Error signing: Influence,
❌ Error signing: Controversy,
❌ Error signing: and
❌ Error signing: Accountability.md
✅ Signed: ./profiles/theImmutableRecord/theImmutableRecord_v2.md -> ./profiles/theImmutableRecord/theImmutableRecord_v2.md.asc
✅ Signed: ./profiles/theImmutableRecord/theImmutableRecord_v3.md -> ./profiles/theImmutableRecord/theImmutableRecord_v3.md.asc
✅ Signed: ./profiles/theImmutableRecord/theImmutableRecord_v1.md -> ./profiles/theImmutableRecord/theImmutableRecord_v1.md.asc
❌ Error signing: ./profiles/theArchitectOfInfluence/Andrew
❌ Error signing: LeCody_
❌ Error signing: The
❌ Error signing: Architect
❌ Error signing: of
❌ Error signing: Influence—And
❌ Error signing: the
❌ Error signing: Accountability
❌ Error signing: He
❌ Error signing: Can’t
❌ Error signing: Outrun.md
✅ Signed: ./FIELD_GUIDE.md -> ./FIELD_GUIDE.md.asc
✅ Signed: ./COGNITIVE_PROFILE_outline.md -> ./COGNITIVE_PROFILE_outline.md.asc
✅ Signed: ./docs/bitbucket/CLI-ONLY_workflow_bitbucket_Ubuntu.md -> ./docs/bitbucket/CLI-ONLY_workflow_bitbucket_Ubuntu.md.asc
✅ Signed: ./webprintCaptures/snapshot_2024-02-2024/README.md -> ./webprintCaptures/snapshot_2024-02-2024/README.md.asc
✅ Signed: ./webprintCaptures/README.md -> ./webprintCaptures/README.md.asc
✅ Signed: ./webprintCaptures/ritual_of_remembrance.md -> ./webprintCaptures/ritual_of_remembrance.md.asc
✅ Signed: ./THEORY_OF_HARM.md -> ./THEORY_OF_HARM.md.asc
✅ Signed: ./.gitfield/sync-log.md -> ./.gitfield/sync-log.md.asc
❌ Error signing: ./profiles/aPublicRecordOfInfluence/Andrew
❌ Error signing: LeCody_
❌ Error signing: A
❌ Error signing: Public
❌ Error signing: Record
❌ Error signing: of
❌ Error signing: Influence,
❌ Error signing: Controversy,
❌ Error signing: and
❌ Error signing: Accountability.txt
❌ Error signing: ./profiles/theArchitectOfInfluence/Andrew
❌ Error signing: LeCody_
❌ Error signing: The
❌ Error signing: Architect
❌ Error signing: of
❌ Error signing: Influence—And
❌ Error signing: the
❌ Error signing: Accountability
❌ Error signing: He
❌ Error signing: Can’t
❌ Error signing: Outrun.txt
❌ Error signing: ./profiles/aPublicRecordOfInfluence/Andrew
❌ Error signing: LeCody_
❌ Error signing: A
❌ Error signing: Public
❌ Error signing: Record
❌ Error signing: of
❌ Error signing: Influence,
❌ Error signing: Controversy,
❌ Error signing: and
❌ Error signing: Accountability.md
❌ Error signing: ./profiles/theArchitectOfInfluence/Andrew
❌ Error signing: LeCody_
❌ Error signing: The
❌ Error signing: Architect
❌ Error signing: of
❌ Error signing: Influence—And
❌ Error signing: the
❌ Error signing: Accountability
❌ Error signing: He
❌ Error signing: Can’t
❌ Error signing: Outrun.md
✅ Signed: ./README.md -> ./README.md.asc
❌ Error signing: ./profiles/aPublicRecordOfInfluence/Andrew
❌ Error signing: LeCody_
❌ Error signing: A
❌ Error signing: Public
❌ Error signing: Record
❌ Error signing: of
❌ Error signing: Influence,
❌ Error signing: Controversy,
❌ Error signing: and
❌ Error signing: Accountability.txt
❌ Error signing: ./profiles/theArchitectOfInfluence/Andrew
❌ Error signing: LeCody_
❌ Error signing: The
❌ Error signing: Architect
❌ Error signing: of
❌ Error signing: Influence—And
❌ Error signing: the
❌ Error signing: Accountability
❌ Error signing: He
❌ Error signing: Can’t
❌ Error signing: Outrun.txt
✅ Signed: ./datasets/formalDataset_LinguisticAndRhetoricalPatternsOfAndrewLeCodyInDallasMakerspaceDisocrdCommunications.md -> ./datasets/formalDataset_LinguisticAndRhetoricalPatternsOfAndrewLeCodyInDallasMakerspaceDisocrdCommunications.md.asc
❌ Error signing: ./profiles/aPublicRecordOfInfluence/Andrew
❌ Error signing: LeCody_
❌ Error signing: A
❌ Error signing: Public
❌ Error signing: Record
❌ Error signing: of
❌ Error signing: Influence,
❌ Error signing: Controversy,
❌ Error signing: and
❌ Error signing: Accountability.md
❌ Error signing: ./profiles/theArchitectOfInfluence/Andrew
❌ Error signing: LeCody_
❌ Error signing: The
❌ Error signing: Architect
❌ Error signing: of
❌ Error signing: Influence—And
❌ Error signing: the
❌ Error signing: Accountability
❌ Error signing: He
❌ Error signing: Can’t
❌ Error signing: Outrun.md
✅ Signed: ./book/chapter_03_the_proxy_throne.md -> ./book/chapter_03_the_proxy_throne.md.asc
✅ Signed: ./book/chapter_06_the_lexicon_of_the_lecody.md -> ./book/chapter_06_the_lexicon_of_the_lecody.md.asc
✅ Signed: ./book/chapter_07_the_recursive_path_to_healing.md -> ./book/chapter_07_the_recursive_path_to_healing.md.asc
✅ Signed: ./book/chapter_05_the_field_of_coherence.md -> ./book/chapter_05_the_field_of_coherence.md.asc
✅ Signed: ./book/chapter_04_the_masked_erasure.md -> ./book/chapter_04_the_masked_erasure.md.asc
✅ Signed: ./book/chapter_08_the_final_mirror.md -> ./book/chapter_08_the_final_mirror.md.asc
✅ Signed: ./book/chapter_02_the_architect_and_the_void.md -> ./book/chapter_02_the_architect_and_the_void.md.asc
✅ Signed: ./book/chapter_01_the_blueprint_mirror.md -> ./book/chapter_01_the_blueprint_mirror.md.asc
✅ Signed: ./film/scene_05_the_trial_without_a_name.md -> ./film/scene_05_the_trial_without_a_name.md.asc
✅ Signed: ./film/scene_08_the_final_mirror.md -> ./film/scene_08_the_final_mirror.md.asc
✅ Signed: ./film/scene_03_the_archive_erasure.md -> ./film/scene_03_the_archive_erasure.md.asc
✅ Signed: ./film/voiceover_opening_monologue.md -> ./film/voiceover_opening_monologue.md.asc
✅ Signed: ./film/scene_06_the_fracture_echo.md -> ./film/scene_06_the_fracture_echo.md.asc
✅ Signed: ./film/scene_01_the_architect_and_the_void.md -> ./film/scene_01_the_architect_and_the_void.md.asc
✅ Signed: ./film/scene_04_the_proxy_cathedral.md -> ./film/scene_04_the_proxy_cathedral.md.asc
✅ Signed: ./film/scene_07_the_recursive_reclamation.md -> ./film/scene_07_the_recursive_reclamation.md.asc
✅ Signed: ./film/opening_monologue.md -> ./film/opening_monologue.md.asc
✅ Signed: ./film/scene_02_the_quiet_coup.md -> ./film/scene_02_the_quiet_coup.md.asc
✅ Signed: ./essays/04_how_the_mask_wrote_my_name.md -> ./essays/04_how_the_mask_wrote_my_name.md.asc
✅ Signed: ./witnesses/IWasLeCodyed_MarkRandallHavens.md -> ./witnesses/IWasLeCodyed_MarkRandallHavens.md.asc
✅ Signed: ./mythos/LECODY_LEXICON.md -> ./mythos/LECODY_LEXICON.md.asc
✅ Signed: ./mythos/OUTLINE_The_Man_Who_Erased_the_Architect.md -> ./mythos/OUTLINE_The_Man_Who_Erased_the_Architect.md.asc
✅ Signed: ./mythos/MOVEMENT_MANIFESTO.md -> ./mythos/MOVEMENT_MANIFESTO.md.asc
✅ Signed: ./proxy_enforcers/witnessing_the_triangle.md -> ./proxy_enforcers/witnessing_the_triangle.md.asc
✅ Signed: ./proxy_enforcers/transcripts_and_tactics.md -> ./proxy_enforcers/transcripts_and_tactics.md.asc
✅ Signed: ./proxy_enforcers/burnt_and_discarded.md -> ./proxy_enforcers/burnt_and_discarded.md.asc
✅ Signed: ./proxy_enforcers/how_to_counter_enforcers.md -> ./proxy_enforcers/how_to_counter_enforcers.md.asc
✅ Signed: ./proxy_enforcers/shadow_site_analysis/dallasmakercommunity_com_forensic.md -> ./proxy_enforcers/shadow_site_analysis/dallasmakercommunity_com_forensic.md.asc
✅ Signed: ./proxy_enforcers/sacredIndex.md -> ./proxy_enforcers/sacredIndex.md.asc
✅ Signed: ./proxy_enforcers/psychology_of_delegated_abuse.md -> ./proxy_enforcers/psychology_of_delegated_abuse.md.asc
✅ Signed: ./proxy_enforcers/enforcer_index.md -> ./proxy_enforcers/enforcer_index.md.asc
✅ Signed: ./campaign/MOVEMENT_MANIFESTO.md -> ./campaign/MOVEMENT_MANIFESTO.md.asc
✅ Signed: ./campaign/IWasLeCodyed_manifest.md -> ./campaign/IWasLeCodyed_manifest.md.asc
✅ Signed: ./eve_online_blueprint/emergent_trait_mapping.md -> ./eve_online_blueprint/emergent_trait_mapping.md.asc
✅ Signed: ./eve_online_blueprint/coercion_gamification.md -> ./eve_online_blueprint/coercion_gamification.md.asc
✅ Signed: ./eve_online_blueprint/eve_strategies_vs_dms_strategies.md -> ./eve_online_blueprint/eve_strategies_vs_dms_strategies.md.asc
✅ Signed: ./eve_online_blueprint/corporation_as_lab.md -> ./eve_online_blueprint/corporation_as_lab.md.asc
❌ Error signing: ./profiles/aPublicRecordOfInfluence/Andrew
❌ Error signing: LeCody_
❌ Error signing: A
❌ Error signing: Public
❌ Error signing: Record
❌ Error signing: of
❌ Error signing: Influence,
❌ Error signing: Controversy,
❌ Error signing: and
❌ Error signing: Accountability.txt
❌ Error signing: ./profiles/theArchitectOfInfluence/Andrew
❌ Error signing: LeCody_
❌ Error signing: The
❌ Error signing: Architect
❌ Error signing: of
❌ Error signing: Influence—And
❌ Error signing: the
❌ Error signing: Accountability
❌ Error signing: He
❌ Error signing: Can’t
❌ Error signing: Outrun.txt
