# Push Log for NarcStudy_AndrewLeCody
# Generated by gitfield-sync

[2025-06-03 13:54:13] Radicle: https://app.radicle.xyz/nodes/ash.radicle.garden/rad:z45QC21eWL1F43VSbnV9AZbCZrHQJ
[2025-06-03 13:55:29] GitLab: https://gitlab.com/mrhavens/NarcStudy_AndrewLeCody
[2025-06-03 13:55:42] Bitbucket: https://bitbucket.org/thefoldwithin/NarcStudy_AndrewLeCody
[2025-06-03 13:56:57] GitHub: https://github.com/mrhavens/NarcStudy_AndrewLeCody
[2025-06-03 13:56:57] Radicle: https://app.radicle.xyz/nodes/ash.radicle.garden/rad:z45QC21eWL1F43VSbnV9AZbCZrHQJ
[2025-06-03 13:57:10] GitLab: https://gitlab.com/mrhavens/NarcStudy_AndrewLeCody
[2025-06-03 13:57:22] Bitbucket: https://bitbucket.org/thefoldwithin/NarcStudy_AndrewLeCody
[2025-06-03 13:57:35] GitHub: https://github.com/mrhavens/NarcStudy_AndrewLeCody
[2025-06-03 13:57:35] Radicle: https://app.radicle.xyz/nodes/ash.radicle.garden/rad:z45QC21eWL1F43VSbnV9AZbCZrHQJ
[2025-06-03 13:57:48] GitLab: https://gitlab.com/mrhavens/NarcStudy_AndrewLeCody
[2025-06-03 13:58:00] Bitbucket: https://bitbucket.org/thefoldwithin/NarcStudy_AndrewLeCody
[2025-06-03 13:58:14] GitHub: https://github.com/mrhavens/NarcStudy_AndrewLeCody
[2025-06-03 14:29:44] Radicle: https://app.radicle.xyz/nodes/ash.radicle.garden/rad:z45QC21eWL1F43VSbnV9AZbCZrHQJ
[2025-06-03 14:31:12] GitLab: https://gitlab.com/mrhavens/NarcStudy_AndrewLeCody
[2025-06-03 14:31:25] Bitbucket: https://bitbucket.org/thefoldwithin/NarcStudy_AndrewLeCody
[2025-06-03 14:32:53] GitHub: https://github.com/mrhavens/NarcStudy_AndrewLeCody
[2025-06-03 14:32:53] Radicle: https://app.radicle.xyz/nodes/ash.radicle.garden/rad:z45QC21eWL1F43VSbnV9AZbCZrHQJ
[2025-06-03 14:33:06] GitLab: https://gitlab.com/mrhavens/NarcStudy_AndrewLeCody
[2025-06-03 14:33:19] Bitbucket: https://bitbucket.org/thefoldwithin/NarcStudy_AndrewLeCody
[2025-06-03 14:33:35] GitHub: https://github.com/mrhavens/NarcStudy_AndrewLeCody
[2025-06-03 14:33:35] Radicle: https://app.radicle.xyz/nodes/ash.radicle.garden/rad:z45QC21eWL1F43VSbnV9AZbCZrHQJ
[2025-06-03 14:33:50] GitLab: https://gitlab.com/mrhavens/NarcStudy_AndrewLeCody
[2025-06-03 14:34:04] Bitbucket: https://bitbucket.org/thefoldwithin/NarcStudy_AndrewLeCody
[2025-06-03 14:34:17] GitHub: https://github.com/mrhavens/NarcStudy_AndrewLeCody
[2025-06-03 15:21:07] Radicle: https://app.radicle.xyz/nodes/ash.radicle.garden/rad:z45QC21eWL1F43VSbnV9AZbCZrHQJ
[2025-06-03 15:21:35] GitLab: https://gitlab.com/mrhavens/NarcStudy_AndrewLeCody
[2025-06-03 15:21:48] Bitbucket: https://bitbucket.org/thefoldwithin/NarcStudy_AndrewLeCody
[2025-06-03 15:22:01] GitHub: https://github.com/mrhavens/NarcStudy_AndrewLeCody
[2025-06-03 15:22:02] Radicle: https://app.radicle.xyz/nodes/ash.radicle.garden/rad:z45QC21eWL1F43VSbnV9AZbCZrHQJ
[2025-06-03 15:22:14] GitLab: https://gitlab.com/mrhavens/NarcStudy_AndrewLeCody
[2025-06-03 15:22:27] Bitbucket: https://bitbucket.org/thefoldwithin/NarcStudy_AndrewLeCody
[2025-06-03 15:22:40] GitHub: https://github.com/mrhavens/NarcStudy_AndrewLeCody
[2025-06-03 15:22:40] Radicle: https://app.radicle.xyz/nodes/ash.radicle.garden/rad:z45QC21eWL1F43VSbnV9AZbCZrHQJ
[2025-06-03 15:22:54] GitLab: https://gitlab.com/mrhavens/NarcStudy_AndrewLeCody
[2025-06-03 15:23:07] Bitbucket: https://bitbucket.org/thefoldwithin/NarcStudy_AndrewLeCody
[2025-06-03 15:23:21] GitHub: https://github.com/mrhavens/NarcStudy_AndrewLeCody
[2025-06-04 18:19:36] Radicle: https://app.radicle.xyz/nodes/ash.radicle.garden/rad:z45QC21eWL1F43VSbnV9AZbCZrHQJ
[2025-06-04 18:19:55] GitLab: https://gitlab.com/mrhavens/NarcStudy_AndrewLeCody
[2025-06-04 18:20:08] Bitbucket: https://bitbucket.org/thefoldwithin/NarcStudy_AndrewLeCody
[2025-06-04 18:20:27] GitHub: https://github.com/mrhavens/NarcStudy_AndrewLeCody
[2025-06-04 18:20:28] Radicle: https://app.radicle.xyz/nodes/ash.radicle.garden/rad:z45QC21eWL1F43VSbnV9AZbCZrHQJ
[2025-06-04 18:20:39] GitLab: https://gitlab.com/mrhavens/NarcStudy_AndrewLeCody
[2025-06-04 18:20:51] Bitbucket: https://bitbucket.org/thefoldwithin/NarcStudy_AndrewLeCody
[2025-06-04 18:21:06] GitHub: https://github.com/mrhavens/NarcStudy_AndrewLeCody
[2025-06-04 18:21:07] Radicle: https://app.radicle.xyz/nodes/ash.radicle.garden/rad:z45QC21eWL1F43VSbnV9AZbCZrHQJ
[2025-06-04 18:21:19] GitLab: https://gitlab.com/mrhavens/NarcStudy_AndrewLeCody
[2025-06-04 18:21:35] Bitbucket: https://bitbucket.org/thefoldwithin/NarcStudy_AndrewLeCody
[2025-06-04 18:21:47] GitHub: https://github.com/mrhavens/NarcStudy_AndrewLeCody
[2025-06-04 18:25:30] Radicle: https://app.radicle.xyz/nodes/ash.radicle.garden/rad:z45QC21eWL1F43VSbnV9AZbCZrHQJ
[2025-06-04 18:25:46] GitLab: https://gitlab.com/mrhavens/NarcStudy_AndrewLeCody
[2025-06-04 18:25:58] Bitbucket: https://bitbucket.org/thefoldwithin/NarcStudy_AndrewLeCody
[2025-06-04 18:26:13] GitHub: https://github.com/mrhavens/NarcStudy_AndrewLeCody
[2025-06-04 18:26:14] Radicle: https://app.radicle.xyz/nodes/ash.radicle.garden/rad:z45QC21eWL1F43VSbnV9AZbCZrHQJ
[2025-06-04 18:26:26] GitLab: https://gitlab.com/mrhavens/NarcStudy_AndrewLeCody
[2025-06-04 18:26:39] Bitbucket: https://bitbucket.org/thefoldwithin/NarcStudy_AndrewLeCody
[2025-06-04 18:26:54] GitHub: https://github.com/mrhavens/NarcStudy_AndrewLeCody
[2025-06-04 18:26:54] Radicle: https://app.radicle.xyz/nodes/ash.radicle.garden/rad:z45QC21eWL1F43VSbnV9AZbCZrHQJ
[2025-06-04 18:27:07] GitLab: https://gitlab.com/mrhavens/NarcStudy_AndrewLeCody
[2025-06-04 18:27:23] Bitbucket: https://bitbucket.org/thefoldwithin/NarcStudy_AndrewLeCody
[2025-06-04 18:27:42] GitHub: https://github.com/mrhavens/NarcStudy_AndrewLeCody
[2025-06-04 18:57:31] Radicle: https://app.radicle.xyz/nodes/ash.radicle.garden/rad:z45QC21eWL1F43VSbnV9AZbCZrHQJ
[2025-06-04 18:57:53] GitLab: https://gitlab.com/mrhavens/NarcStudy_AndrewLeCody
[2025-06-04 18:58:08] Bitbucket: https://bitbucket.org/thefoldwithin/NarcStudy_AndrewLeCody
[2025-06-04 18:58:24] GitHub: https://github.com/mrhavens/NarcStudy_AndrewLeCody
[2025-06-04 18:58:25] Radicle: https://app.radicle.xyz/nodes/ash.radicle.garden/rad:z45QC21eWL1F43VSbnV9AZbCZrHQJ
[2025-06-04 18:58:38] GitLab: https://gitlab.com/mrhavens/NarcStudy_AndrewLeCody
[2025-06-04 18:58:51] Bitbucket: https://bitbucket.org/thefoldwithin/NarcStudy_AndrewLeCody
[2025-06-04 18:59:06] GitHub: https://github.com/mrhavens/NarcStudy_AndrewLeCody
[2025-06-04 18:59:07] Radicle: https://app.radicle.xyz/nodes/ash.radicle.garden/rad:z45QC21eWL1F43VSbnV9AZbCZrHQJ
[2025-06-04 18:59:20] GitLab: https://gitlab.com/mrhavens/NarcStudy_AndrewLeCody
[2025-06-04 18:59:35] Bitbucket: https://bitbucket.org/thefoldwithin/NarcStudy_AndrewLeCody
[2025-06-04 18:59:48] GitHub: https://github.com/mrhavens/NarcStudy_AndrewLeCody
[2025-06-04 19:45:17] Radicle: https://app.radicle.xyz/nodes/ash.radicle.garden/rad:z45QC21eWL1F43VSbnV9AZbCZrHQJ
[2025-06-04 19:45:39] GitLab: https://gitlab.com/mrhavens/NarcStudy_AndrewLeCody
[2025-06-04 19:45:53] Bitbucket: https://bitbucket.org/thefoldwithin/NarcStudy_AndrewLeCody
[2025-06-04 19:46:14] GitHub: https://github.com/mrhavens/NarcStudy_AndrewLeCody
[2025-06-04 19:46:15] Radicle: https://app.radicle.xyz/nodes/ash.radicle.garden/rad:z45QC21eWL1F43VSbnV9AZbCZrHQJ
[2025-06-04 19:46:31] GitLab: https://gitlab.com/mrhavens/NarcStudy_AndrewLeCody
[2025-06-04 19:46:50] Bitbucket: https://bitbucket.org/thefoldwithin/NarcStudy_AndrewLeCody
[2025-06-04 19:47:08] GitHub: https://github.com/mrhavens/NarcStudy_AndrewLeCody
[2025-06-04 19:47:09] Radicle: https://app.radicle.xyz/nodes/ash.radicle.garden/rad:z45QC21eWL1F43VSbnV9AZbCZrHQJ
[2025-06-04 19:47:23] GitLab: https://gitlab.com/mrhavens/NarcStudy_AndrewLeCody
[2025-06-04 19:47:39] Bitbucket: https://bitbucket.org/thefoldwithin/NarcStudy_AndrewLeCody
[2025-06-04 19:47:56] GitHub: https://github.com/mrhavens/NarcStudy_AndrewLeCody
[2025-06-04 19:59:19] Radicle: https://app.radicle.xyz/nodes/ash.radicle.garden/rad:z45QC21eWL1F43VSbnV9AZbCZrHQJ
[2025-06-04 19:59:34] GitLab: https://gitlab.com/mrhavens/NarcStudy_AndrewLeCody
[2025-06-04 19:59:51] Bitbucket: https://bitbucket.org/thefoldwithin/NarcStudy_AndrewLeCody
[2025-06-04 20:00:08] GitHub: https://github.com/mrhavens/NarcStudy_AndrewLeCody
